<?xml version="1.0" encoding="UTF-8"?>
<testsuites>
  <testsuite name="CLI Arguments" tests="32" assertions="64" errors="0" failures="0" skipped="0" time="0.349307">
    <testsuite name="QueryBuilderTest" file="/home/unk/Projects/MonkeysLegion/MonkeysLegion-Query/tests/Unit/QueryBuilderTest.php" tests="11" assertions="16" errors="0" failures="0" skipped="0" time="0.156546">
      <testcase name="testSelectBasic" file="/home/unk/Projects/MonkeysLegion/MonkeysLegion-Query/tests/Unit/QueryBuilderTest.php" line="44" class="QueryBuilderTest" classname="QueryBuilderTest" assertions="1" time="0.061878"/>
      <testcase name="testWhere" file="/home/unk/Projects/MonkeysLegion/MonkeysLegion-Query/tests/Unit/QueryBuilderTest.php" line="51" class="QueryBuilderTest" classname="QueryBuilderTest" assertions="3" time="0.007213"/>
      <testcase name="testOrWhere" file="/home/unk/Projects/MonkeysLegion/MonkeysLegion-Query/tests/Unit/QueryBuilderTest.php" line="61" class="QueryBuilderTest" classname="QueryBuilderTest" assertions="1" time="0.007644"/>
      <testcase name="testJoin" file="/home/unk/Projects/MonkeysLegion/MonkeysLegion-Query/tests/Unit/QueryBuilderTest.php" line="70" class="QueryBuilderTest" classname="QueryBuilderTest" assertions="1" time="0.011063"/>
      <testcase name="testInsertAndFetch" file="/home/unk/Projects/MonkeysLegion/MonkeysLegion-Query/tests/Unit/QueryBuilderTest.php" line="80" class="QueryBuilderTest" classname="QueryBuilderTest" assertions="2" time="0.011570"/>
      <testcase name="testUpdate" file="/home/unk/Projects/MonkeysLegion/MonkeysLegion-Query/tests/Unit/QueryBuilderTest.php" line="89" class="QueryBuilderTest" classname="QueryBuilderTest" assertions="1" time="0.010858"/>
      <testcase name="testDelete" file="/home/unk/Projects/MonkeysLegion/MonkeysLegion-Query/tests/Unit/QueryBuilderTest.php" line="96" class="QueryBuilderTest" classname="QueryBuilderTest" assertions="1" time="0.009411"/>
      <testcase name="testAggregateCount" file="/home/unk/Projects/MonkeysLegion/MonkeysLegion-Query/tests/Unit/QueryBuilderTest.php" line="103" class="QueryBuilderTest" classname="QueryBuilderTest" assertions="2" time="0.006829"/>
      <testcase name="testAggregateSum" file="/home/unk/Projects/MonkeysLegion/MonkeysLegion-Query/tests/Unit/QueryBuilderTest.php" line="110" class="QueryBuilderTest" classname="QueryBuilderTest" assertions="1" time="0.009357"/>
      <testcase name="testTransaction" file="/home/unk/Projects/MonkeysLegion/MonkeysLegion-Query/tests/Unit/QueryBuilderTest.php" line="119" class="QueryBuilderTest" classname="QueryBuilderTest" assertions="1" time="0.011805"/>
      <testcase name="testDuplicate" file="/home/unk/Projects/MonkeysLegion/MonkeysLegion-Query/tests/Unit/QueryBuilderTest.php" line="128" class="QueryBuilderTest" classname="QueryBuilderTest" assertions="2" time="0.008920"/>
    </testsuite>
    <testsuite name="TableOperationsTest" file="/home/unk/Projects/MonkeysLegion/MonkeysLegion-Query/tests/Unit/TableOperationsTest.php" tests="21" assertions="48" errors="0" failures="0" skipped="0" time="0.192761">
      <testcase name="testSetAndGetTableMap" file="/home/unk/Projects/MonkeysLegion/MonkeysLegion-Query/tests/Unit/TableOperationsTest.php" line="28" class="TableOperationsTest" classname="TableOperationsTest" assertions="1" time="0.006905"/>
      <testcase name="testAddAndRemoveTableMapping" file="/home/unk/Projects/MonkeysLegion/MonkeysLegion-Query/tests/Unit/TableOperationsTest.php" line="34" class="TableOperationsTest" classname="TableOperationsTest" assertions="2" time="0.005536"/>
      <testcase name="testClearTableMap" file="/home/unk/Projects/MonkeysLegion/MonkeysLegion-Query/tests/Unit/TableOperationsTest.php" line="42" class="TableOperationsTest" classname="TableOperationsTest" assertions="1" time="0.008825"/>
      <testcase name="testResolveTable" file="/home/unk/Projects/MonkeysLegion/MonkeysLegion-Query/tests/Unit/TableOperationsTest.php" line="49" class="TableOperationsTest" classname="TableOperationsTest" assertions="2" time="0.008169"/>
      <testcase name="testTablePrefix" file="/home/unk/Projects/MonkeysLegion/MonkeysLegion-Query/tests/Unit/TableOperationsTest.php" line="56" class="TableOperationsTest" classname="TableOperationsTest" assertions="2" time="0.009651"/>
      <testcase name="testGetAndSetTable" file="/home/unk/Projects/MonkeysLegion/MonkeysLegion-Query/tests/Unit/TableOperationsTest.php" line="63" class="TableOperationsTest" classname="TableOperationsTest" assertions="3" time="0.009477"/>
      <testcase name="testPartsManipulation" file="/home/unk/Projects/MonkeysLegion/MonkeysLegion-Query/tests/Unit/TableOperationsTest.php" line="71" class="TableOperationsTest" classname="TableOperationsTest" assertions="3" time="0.010192"/>
      <testcase name="testReset" file="/home/unk/Projects/MonkeysLegion/MonkeysLegion-Query/tests/Unit/TableOperationsTest.php" line="80" class="TableOperationsTest" classname="TableOperationsTest" assertions="2" time="0.007940"/>
      <testcase name="testCounter" file="/home/unk/Projects/MonkeysLegion/MonkeysLegion-Query/tests/Unit/TableOperationsTest.php" line="88" class="TableOperationsTest" classname="TableOperationsTest" assertions="2" time="0.009132"/>
      <testcase name="testDuplicateAndClone" file="/home/unk/Projects/MonkeysLegion/MonkeysLegion-Query/tests/Unit/TableOperationsTest.php" line="96" class="TableOperationsTest" classname="TableOperationsTest" assertions="6" time="0.011885"/>
      <testcase name="testFreshReturnsNewInstance" file="/home/unk/Projects/MonkeysLegion/MonkeysLegion-Query/tests/Unit/TableOperationsTest.php" line="110" class="TableOperationsTest" classname="TableOperationsTest" assertions="2" time="0.007999"/>
      <testcase name="testGetConnectionReturnsConnection" file="/home/unk/Projects/MonkeysLegion/MonkeysLegion-Query/tests/Unit/TableOperationsTest.php" line="117" class="TableOperationsTest" classname="TableOperationsTest" assertions="1" time="0.008046"/>
      <testcase name="testResetBindings" file="/home/unk/Projects/MonkeysLegion/MonkeysLegion-Query/tests/Unit/TableOperationsTest.php" line="122" class="TableOperationsTest" classname="TableOperationsTest" assertions="2" time="0.009403"/>
      <testcase name="testGetTableColumnsAndSchema" file="/home/unk/Projects/MonkeysLegion/MonkeysLegion-Query/tests/Unit/TableOperationsTest.php" line="130" class="TableOperationsTest" classname="TableOperationsTest" assertions="3" time="0.009702"/>
      <testcase name="testToArrayAndFromArray" file="/home/unk/Projects/MonkeysLegion/MonkeysLegion-Query/tests/Unit/TableOperationsTest.php" line="139" class="TableOperationsTest" classname="TableOperationsTest" assertions="2" time="0.008977"/>
      <testcase name="testToDebugString" file="/home/unk/Projects/MonkeysLegion/MonkeysLegion-Query/tests/Unit/TableOperationsTest.php" line="149" class="TableOperationsTest" classname="TableOperationsTest" assertions="1" time="0.010510"/>
      <testcase name="testLogDoesNotThrow" file="/home/unk/Projects/MonkeysLegion/MonkeysLegion-Query/tests/Unit/TableOperationsTest.php" line="155" class="TableOperationsTest" classname="TableOperationsTest" assertions="1" time="0.009105">
        <system-out>[QueryBuilder] SQL: SELECT * FROM 
[QueryBuilder] Params: []
</system-out>
      </testcase>
      <testcase name="testWhenUnlessTap" file="/home/unk/Projects/MonkeysLegion/MonkeysLegion-Query/tests/Unit/TableOperationsTest.php" line="160" class="TableOperationsTest" classname="TableOperationsTest" assertions="3" time="0.010754"/>
      <testcase name="testMacroAndCall" file="/home/unk/Projects/MonkeysLegion/MonkeysLegion-Query/tests/Unit/TableOperationsTest.php" line="178" class="TableOperationsTest" classname="TableOperationsTest" assertions="2" time="0.010428"/>
      <testcase name="testRemoveDistinctAndModifiers" file="/home/unk/Projects/MonkeysLegion/MonkeysLegion-Query/tests/Unit/TableOperationsTest.php" line="189" class="TableOperationsTest" classname="TableOperationsTest" assertions="6" time="0.010804"/>
      <testcase name="testDumpAndDd" file="/home/unk/Projects/MonkeysLegion/MonkeysLegion-Query/tests/Unit/TableOperationsTest.php" line="206" class="TableOperationsTest" classname="TableOperationsTest" assertions="1" time="0.009321">
        <system-out>
=== Query Builder State ===
SQL: SELECT * FROM 
Params: []
Parts: {
    "select": "*",
    "distinct": false,
    "from": "",
    "joins": [],
    "where": [],
    "groupBy": [],
    "having": [],
    "orderBy": [],
    "limit": null,
    "offset": null,
    "custom": null,
    "unions": []
}
Counter: 0
Table Map: []
========================

</system-out>
      </testcase>
    </testsuite>
  </testsuite>
</testsuites>
